[19:49:43] [Server thread/INFO]: Starting minecraft server version 1.7.10
[19:50:31] [Server thread/INFO]: Loading properties
[19:50:31] [Server thread/INFO]: Default game type: SURVIVAL
[19:50:31] [Server thread/INFO]: Generating keypair
[19:50:31] [Server thread/INFO]: Starting Minecraft server on 192.168.1.4:25565
[19:50:31] [Server thread/WARN]: **** SERVER IS RUNNING IN OFFLINE/INSECURE MODE!
[19:50:31] [Server thread/WARN]: The server will make no attempt to authenticate usernames. Beware.
[19:50:31] [Server thread/WARN]: While this makes the game possible to play without internet access, it also opens up the ability for hackers to connect with any username they choose.
[19:50:31] [Server thread/WARN]: To change this, set "online-mode" to "true" in the server.properties file.
[19:51:01] [Server thread/WARN]: Failed to load user banlist: 
java.io.FileNotFoundException: banned-players.json (The system cannot find the file specified)
	at java.io.FileInputStream.open0(Native Method) ~[?:1.8.0_312]
	at java.io.FileInputStream.open(FileInputStream.java:195) ~[?:1.8.0_312]
	at java.io.FileInputStream.<init>(FileInputStream.java:138) ~[?:1.8.0_312]
	at com.google.common.io.Files.newReader(Files.java:86) ~[guava-17.0.jar:?]
	at net.minecraft.server.management.UserList.func_152679_g(SourceFile:124) ~[om.class:?]
	at net.minecraft.server.dedicated.DedicatedPlayerList.func_152620_y(SourceFile:99) [ls.class:?]
	at net.minecraft.server.dedicated.DedicatedPlayerList.<init>(SourceFile:25) [ls.class:?]
	at net.minecraft.server.dedicated.DedicatedServer.func_71197_b(DedicatedServer.java:211) [lt.class:?]
	at net.minecraft.server.MinecraftServer.run(MinecraftServer.java:387) [MinecraftServer.class:?]
	at net.minecraft.server.MinecraftServer$2.run(MinecraftServer.java:685) [li.class:?]
[19:51:01] [Server thread/WARN]: Failed to load ip banlist: 
java.io.FileNotFoundException: banned-ips.json (The system cannot find the file specified)
	at java.io.FileInputStream.open0(Native Method) ~[?:1.8.0_312]
	at java.io.FileInputStream.open(FileInputStream.java:195) ~[?:1.8.0_312]
	at java.io.FileInputStream.<init>(FileInputStream.java:138) ~[?:1.8.0_312]
	at com.google.common.io.Files.newReader(Files.java:86) ~[guava-17.0.jar:?]
	at net.minecraft.server.management.UserList.func_152679_g(SourceFile:124) ~[om.class:?]
	at net.minecraft.server.dedicated.DedicatedPlayerList.func_152619_x(SourceFile:91) [ls.class:?]
	at net.minecraft.server.dedicated.DedicatedPlayerList.<init>(SourceFile:27) [ls.class:?]
	at net.minecraft.server.dedicated.DedicatedServer.func_71197_b(DedicatedServer.java:211) [lt.class:?]
	at net.minecraft.server.MinecraftServer.run(MinecraftServer.java:387) [MinecraftServer.class:?]
	at net.minecraft.server.MinecraftServer$2.run(MinecraftServer.java:685) [li.class:?]
[19:51:01] [Server thread/WARN]: Failed to load operators list: 
java.io.FileNotFoundException: ops.json (The system cannot find the file specified)
	at java.io.FileInputStream.open0(Native Method) ~[?:1.8.0_312]
	at java.io.FileInputStream.open(FileInputStream.java:195) ~[?:1.8.0_312]
	at java.io.FileInputStream.<init>(FileInputStream.java:138) ~[?:1.8.0_312]
	at com.google.common.io.Files.newReader(Files.java:86) ~[guava-17.0.jar:?]
	at net.minecraft.server.management.UserList.func_152679_g(SourceFile:124) ~[om.class:?]
	at net.minecraft.server.dedicated.DedicatedPlayerList.func_72417_t(SourceFile:107) [ls.class:?]
	at net.minecraft.server.dedicated.DedicatedPlayerList.<init>(SourceFile:29) [ls.class:?]
	at net.minecraft.server.dedicated.DedicatedServer.func_71197_b(DedicatedServer.java:211) [lt.class:?]
	at net.minecraft.server.MinecraftServer.run(MinecraftServer.java:387) [MinecraftServer.class:?]
	at net.minecraft.server.MinecraftServer$2.run(MinecraftServer.java:685) [li.class:?]
[19:51:01] [Server thread/WARN]: Failed to load white-list: 
java.io.FileNotFoundException: whitelist.json (The system cannot find the file specified)
	at java.io.FileInputStream.open0(Native Method) ~[?:1.8.0_312]
	at java.io.FileInputStream.open(FileInputStream.java:195) ~[?:1.8.0_312]
	at java.io.FileInputStream.<init>(FileInputStream.java:138) ~[?:1.8.0_312]
	at com.google.common.io.Files.newReader(Files.java:86) ~[guava-17.0.jar:?]
	at net.minecraft.server.management.UserList.func_152679_g(SourceFile:124) ~[om.class:?]
	at net.minecraft.server.dedicated.DedicatedPlayerList.func_72418_v(SourceFile:123) [ls.class:?]
	at net.minecraft.server.dedicated.DedicatedPlayerList.<init>(SourceFile:30) [ls.class:?]
	at net.minecraft.server.dedicated.DedicatedServer.func_71197_b(DedicatedServer.java:211) [lt.class:?]
	at net.minecraft.server.MinecraftServer.run(MinecraftServer.java:387) [MinecraftServer.class:?]
	at net.minecraft.server.MinecraftServer$2.run(MinecraftServer.java:685) [li.class:?]
[19:51:01] [Server thread/INFO]: Preparing level "world"
[19:51:04] [Server thread/INFO]: Preparing start region for level 0
[19:51:04] [Server thread/INFO]: Done (3.911s)! For help, type "help" or "?"
[19:55:00] [Server thread/INFO]: be5s1l lost connection: TranslatableComponent{key='disconnect.timeout', args=[], siblings=[], style=Style{hasParent=false, color=null, bold=null, italic=null, underlined=null, obfuscated=null, clickEvent=null, hoverEvent=null}}
[19:55:00] [Server thread/INFO]: be5s1l left the game
[19:55:49] [Server thread/INFO]: Nitro8[/197.37.77.45:53594] logged in with entity id 6326 at (655.2417076569301, 71.0, 661.6219898548507)
[19:55:49] [Server thread/INFO]: Nitro8 joined the game
[19:55:57] [Server thread/INFO]: be5s1l[/192.168.1.4:63669] logged in with entity id 6987 at (653.4172222837122, 71.0, 664.7730227267393)
[19:55:57] [Server thread/INFO]: be5s1l joined the game
[20:01:31] [Server thread/WARN]: be5s1l moved wrongly!
[20:01:51] [Server thread/INFO]: be5s1l lost connection: TextComponent{text='Disconnected', siblings=[], style=Style{hasParent=false, color=null, bold=null, italic=null, underlined=null, obfuscated=null, clickEvent=null, hoverEvent=null}}
[20:01:51] [Server thread/INFO]: be5s1l left the game
[20:02:54] [Server thread/INFO]: be5s1l[/192.168.1.4:63751] logged in with entity id 52086 at (640.0061798341055, 74.0, 666.046159833126)
[20:02:54] [Server thread/INFO]: be5s1l joined the game
[20:03:39] [Server thread/WARN]: Nitro8 moved wrongly!
[20:04:01] [Server thread/INFO]: OYAGY_[/197.48.145.87:55226] logged in with entity id 69404 at (613.340598703354, 15.0, 496.13200894676567)
[20:04:01] [Server thread/INFO]: OYAGY_ joined the game
[20:04:15] [Server thread/INFO]: Nitro8 lost connection: TextComponent{text='You logged in from another location', siblings=[], style=Style{hasParent=false, color=null, bold=null, italic=null, underlined=null, obfuscated=null, clickEvent=null, hoverEvent=null}}
[20:04:15] [Server thread/INFO]: Nitro8 left the game
[20:04:17] [Server thread/INFO]: Nitro8[/197.37.77.45:53755] logged in with entity id 76545 at (-14.579759737573157, 78.0, 32.980451419334884)
[20:04:17] [Server thread/INFO]: Nitro8 joined the game
[20:04:37] [Server thread/INFO]: OYAGY_ lost connection: TranslatableComponent{key='disconnect.genericReason', args=[Internal Exception: java.io.IOException: An existing connection was forcibly closed by the remote host], siblings=[], style=Style{hasParent=false, color=null, bold=null, italic=null, underlined=null, obfuscated=null, clickEvent=null, hoverEvent=null}}
[20:04:37] [Server thread/INFO]: OYAGY_ left the game
[20:09:33] [Server thread/INFO]: OYAGY_[/197.48.145.87:55615] logged in with entity id 131430 at (610.5801754436665, 16.166109260938214, 493.0821875834162)
[20:09:33] [Server thread/INFO]: OYAGY_ joined the game
[20:20:05] [Server thread/INFO]: Opped oyagy_
[20:20:29] [Server thread/INFO]: [OYAGY_: Set own game mode to Creative Mode]
[20:21:15] [Server thread/INFO]: Could not de-op nitro8
[20:21:20] [Server thread/INFO]: Unknown command. Try /help for a list of commands
[20:21:28] [Server thread/INFO]: Unknown command. Try /help for a list of commands
[20:21:42] [Server thread/INFO]: Unknown command. Try /help for a list of commands
[20:21:43] [Server thread/INFO]: Unknown command. Try /help for a list of commands
[20:21:51] [Server thread/INFO]: Could not de-op nitro8
[20:21:59] [Server thread/INFO]: Opped nitro8
[20:22:07] [Server thread/INFO]: De-opped nitro8
[20:22:18] [Server thread/INFO]: [OYAGY_: Set own game mode to Survival Mode]
[20:22:31] [Server thread/INFO]: [OYAGY_: De-opped OYAGY_]
[20:25:43] [Server thread/INFO]: be5s1l lost connection: TextComponent{text='Disconnected', siblings=[], style=Style{hasParent=false, color=null, bold=null, italic=null, underlined=null, obfuscated=null, clickEvent=null, hoverEvent=null}}
[20:25:43] [Server thread/INFO]: be5s1l left the game
[20:26:00] [Server thread/INFO]: OYAGY_ lost connection: TranslatableComponent{key='disconnect.genericReason', args=[Internal Exception: java.io.IOException: An existing connection was forcibly closed by the remote host], siblings=[], style=Style{hasParent=false, color=null, bold=null, italic=null, underlined=null, obfuscated=null, clickEvent=null, hoverEvent=null}}
[20:26:00] [Server thread/INFO]: OYAGY_ left the game
